\BOOKMARK [0][-]{section*.1}{Table des mati\350res}{}% 1
\BOOKMARK [-1][-]{part.1}{Introduction}{}% 2
\BOOKMARK [-1][-]{part.2}{Le liquide amniotique en m\351decine occidentale}{}% 3
\BOOKMARK [0][-]{chapter.1}{D\351finition}{part.2}% 4
\BOOKMARK [0][-]{chapter.2}{Production, \351limination}{part.2}% 5
\BOOKMARK [0][-]{chapter.3}{Composition}{part.2}% 6
\BOOKMARK [0][-]{chapter.4}{R\364le}{part.2}% 7
\BOOKMARK [0][-]{chapter.5}{Pathologie du liquide amniotique en m\351decine occidentale}{part.2}% 8
\BOOKMARK [1][-]{section.5.1}{L'hydramnios}{chapter.5}% 9
\BOOKMARK [1][-]{section.5.2}{L'oligoamnios}{chapter.5}% 10
\BOOKMARK [-1][-]{part.3}{Le liquide amniotique en m\351decine traditionnelle chinoise}{}% 11
\BOOKMARK [0][-]{chapter.6}{L'embryologie en m\351decine traditionnelle chinoise}{part.3}% 12
\BOOKMARK [0][-]{chapter.7}{Les jin ye}{part.3}% 13
\BOOKMARK [1][-]{section.7.1}{D\351finition des jin ye}{chapter.7}% 14
\BOOKMARK [1][-]{section.7.2}{Origine des jin ye}{chapter.7}% 15
\BOOKMARK [1][-]{section.7.3}{Fonction des jin ye}{chapter.7}% 16
\BOOKMARK [1][-]{section.7.4}{Le liquide amniotique : un jin ye?}{chapter.7}% 17
\BOOKMARK [0][-]{chapter.8}{Energetique de la grossesse}{part.3}% 18
\BOOKMARK [1][-]{section.8.1}{les Souffles h\351r\351ditaires et les m\351ridiens curieux}{chapter.8}% 19
\BOOKMARK [1][-]{section.8.2}{Le sang}{chapter.8}% 20
\BOOKMARK [1][-]{section.8.3}{les zang fu}{chapter.8}% 21
\BOOKMARK [1][-]{section.8.4}{Le m\351tabolisme des yin ye}{chapter.8}% 22
\BOOKMARK [0][-]{chapter.9}{Tableaux cliniques}{part.3}% 23
\BOOKMARK [1][-]{section.9.1}{Vide de qi et de sang}{chapter.9}% 24
\BOOKMARK [1][-]{section.9.2}{Vide de yang du rein et de la rate}{chapter.9}% 25
\BOOKMARK [1][-]{section.9.3}{Vide de yin du rein et du foie}{chapter.9}% 26
\BOOKMARK [1][-]{section.9.4}{Stagnation du qi du foie}{chapter.9}% 27
\BOOKMARK [1][-]{section.9.5}{Mont\351e du yang du foie et vent du foie}{chapter.9}% 28
\BOOKMARK [1][-]{section.9.6}{Chaleur de l'estomac}{chapter.9}% 29
\BOOKMARK [1][-]{section.9.7}{Feu du poumon}{chapter.9}% 30
\BOOKMARK [1][-]{section.9.8}{Feu du rein}{chapter.9}% 31
\BOOKMARK [0][-]{chapter.10}{Points utiles dans la r\351gulation du liquide amniotique}{part.3}% 32
\BOOKMARK [1][-]{section.10.1}{Proposition de points}{chapter.10}% 33
\BOOKMARK [1][-]{section.10.2}{Explication de points}{chapter.10}% 34
\BOOKMARK [0][-]{chapter.11}{Alimentation et r\351gulation du liquide amniotique}{part.3}% 35
\BOOKMARK [1][-]{section.11.1}{Vide de qi}{chapter.11}% 36
\BOOKMARK [1][-]{section.11.2}{Vide de sang}{chapter.11}% 37
\BOOKMARK [1][-]{section.11.3}{Vide de yin}{chapter.11}% 38
\BOOKMARK [1][-]{section.11.4}{Vide de yang}{chapter.11}% 39
\BOOKMARK [1][-]{section.11.5}{Stagnation du qi du foie}{chapter.11}% 40
\BOOKMARK [1][-]{section.11.6}{Apaiser la chaleur}{chapter.11}% 41
\BOOKMARK [1][-]{section.11.7}{R\351g\351n\351rer les liquides}{chapter.11}% 42
\BOOKMARK [-1][-]{part.4}{Conclusion}{}% 43
\BOOKMARK [0][-]{section*.109}{Bibliographie}{part.4}% 44
